2025-05-27 14.48.11 - Anonymous logged out
2025-05-27 14.48.40 - Anonymous logged out
2025-05-27 15.17.41 - 3 logged out
2025-05-27 15.53.57 - Gaurav Singh Bhandari logged out
2025-05-27 15.54.07 - Sam updated employee details for Sam (ID: 3)
2025-05-27 15.54.12 - Sam updated employee details for Sam (ID: 3)
2025-05-27 15.54.18 - Sam updated employee details for Sam (ID: 3)
2025-05-27 15.54.23 - Sam updated employee details for Sam (ID: 3)
2025-05-27 15.57.59 - Sam updated employee details for Sam (ID: 3)
2025-05-27 15.58.00 - Sam updated employee details for Sam (ID: 3)
2025-05-27 15.58.38 - Gaurav Singh Bhandari logged out
2025-05-27 18.12.33 - Gaurav Singh Bhandari applied for leave of type 'emergency leave ' with status 'Pending' (ID: 170)
2025-05-27 18.21.46 - Sam updated employee details for Sam (ID: 3)
2025-05-27 18.21.47 - Sam updated employee details for Sam (ID: 3)
2025-05-27 18.22.09 - rajdeep logged out
2025-05-28 10.11.00 - Sam updated employee details for Sam (ID: 3)
2025-05-28 10.11.01 - Sam updated employee details for Sam (ID: 3)
2025-05-28 10.13.52 - Sam updated employee details for Sam (ID: 3)
2025-05-28 10.13.53 - Sam updated employee details for Sam (ID: 3)
2025-05-28 10.14.02 - rajdeep logged out
2025-05-28 10.15.37 - Sam updated employee details for Sam (ID: 3)
2025-05-28 10.16.40 - Sam updated employee details for Sam (ID: 3)
2025-05-28 10.16.43 - Gaurav Singh Bhandari logged out
2025-05-28 10.16.53 - Sam updated employee details for Sam (ID: 3)
2025-05-28 10.16.58 - Sam logged out
2025-05-28 10.20.31 - Sam updated employee details for Sam (ID: 3)
2025-05-28 10.20.35 - Sam updated employee details for Sam (ID: 3)
2025-05-28 10.20.37 - Sam updated employee details for Sam (ID: 3)
2025-05-28 10.20.41 - Sam updated employee details for Sam (ID: 3)
2025-05-28 10.20.42 - Sam updated employee details for Sam (ID: 3)
2025-05-28 10.20.43 - Sam updated employee details for Sam (ID: 3)
2025-05-28 10.20.44 - Sam updated employee details for Sam (ID: 3)
